[07/16/2022 00:07:40] Debug: Session id: 0ba3c483-24a0-4122-8731-4ba06547c680
[07/16/2022 00:07:40] Debug: Code Processor information: Name :SnowConvert, Version: 7.9.130.0
[07/16/2022 00:07:41] Debug: Getting license
[07/16/2022 00:07:41] Debug: License information
	Status: Failed
	Message: No active license available.
[07/16/2022 00:07:41] Info: Starting to validate parameters
[07/16/2022 00:07:41] Info: Parameters to validate: 
	Execution mode: Conversion
[07/16/2022 00:07:41] Info: Validation of parameters: Success
[07/16/2022 00:07:41] Debug: Getting code descriptor
[07/16/2022 00:07:41] Debug: Code descriptor information
	Units: 51
	Units type: LOC
	All file bytes: 2141
	All found extensions: .sql,.dml,.ddl,.bteq,.btq,.fl,.fload,.ml,.mload,.mld,.tp,.tpump,.tpt
[07/16/2022 00:07:41] Debug: Calculating fingerprint
[07/16/2022 00:07:41] Debug: Fingerprint information Fingerprint(size=2141,projects=1)
[07/16/2022 00:07:41] Info: Starting to try to validate online license for execution
[07/16/2022 00:07:42] Debug: Getting license
[07/16/2022 00:07:42] Debug: License information
	Status: Failed
	Message: No active license available.
[07/16/2022 00:07:42] Debug: Starting the execution of the controller
[07/16/2022 00:07:42] Debug: Executing the worker: SnowConvert
[07/16/2022 00:07:57] Debug: Finished executing the worker: SnowConvert
[07/16/2022 00:07:59] Info: Controller execution ended
